[2025-10-18 01:33:11.167] [jointLog] [info] setting maxHashResizeThreads to 28
[2025-10-18 01:33:11.167] [jointLog] [info] Fragment incompatibility prior below threshold.  Incompatible fragments will be ignored.
[2025-10-18 01:33:11.167] [jointLog] [info] Usage of --validateMappings implies use of minScoreFraction. Since not explicitly specified, it is being set to 0.65
[2025-10-18 01:33:11.167] [jointLog] [info] Setting consensusSlack to selective-alignment default of 0.35.
[2025-10-18 01:33:11.167] [jointLog] [info] parsing read library format
[2025-10-18 01:33:11.167] [jointLog] [info] There is 1 library.
[2025-10-18 01:33:11.169] [jointLog] [info] Loading pufferfish index
[2025-10-18 01:33:11.169] [jointLog] [info] Loading dense pufferfish index.
[2025-10-18 01:34:38.466] [jointLog] [info] done
[2025-10-18 01:34:38.745] [jointLog] [info] Index contained 238636 targets
[2025-10-18 01:34:39.029] [jointLog] [info] Number of decoys : 194
[2025-10-18 01:34:39.029] [jointLog] [info] First decoy index : 238404 
[2025-10-18 01:34:47.171] [jointLog] [info] Automatically detected most likely library type as IU

[2025-10-18 01:36:05.594] [jointLog] [info] Computed 472736 rich equivalence classes for further processing
[2025-10-18 01:36:05.594] [jointLog] [info] Counted 19997418 total reads in the equivalence classes 
[2025-10-18 01:36:05.620] [jointLog] [info] Number of mappings discarded because of alignment score : 10629673
[2025-10-18 01:36:05.620] [jointLog] [info] Number of fragments entirely discarded because of alignment score : 564449
[2025-10-18 01:36:05.620] [jointLog] [info] Number of fragments discarded because they are best-mapped to decoys : 365130
[2025-10-18 01:36:05.620] [jointLog] [info] Number of fragments discarded because they have only dovetail (discordant) mappings to valid targets : 142319
[2025-10-18 01:36:05.620] [jointLog] [info] Mapping rate = 91.1516%

[2025-10-18 01:36:05.620] [jointLog] [info] finished quantifyLibrary()
[2025-10-18 01:36:05.595] [fileLog] [info] 
At end of round 0
==================
Observed 21938637 total fragments (21938637 in most recent round)

[2025-10-18 01:36:05.624] [jointLog] [info] Starting optimizer
[2025-10-18 01:36:12.556] [jointLog] [info] Marked 0 weighted equivalence classes as degenerate
[2025-10-18 01:36:12.567] [jointLog] [info] iteration = 0 | max rel diff. = 5002.28
[2025-10-18 01:36:13.483] [jointLog] [info] iteration = 100 | max rel diff. = 20.4555
[2025-10-18 01:36:14.387] [jointLog] [info] iteration = 200 | max rel diff. = 20.5066
[2025-10-18 01:36:15.294] [jointLog] [info] iteration = 300 | max rel diff. = 15.7316
[2025-10-18 01:36:16.194] [jointLog] [info] iteration = 400 | max rel diff. = 5.70227
[2025-10-18 01:36:17.098] [jointLog] [info] iteration = 500 | max rel diff. = 15.4098
[2025-10-18 01:36:17.999] [jointLog] [info] iteration = 600 | max rel diff. = 2.20735
[2025-10-18 01:36:18.985] [jointLog] [info] iteration = 700 | max rel diff. = 4.48555
[2025-10-18 01:36:19.896] [jointLog] [info] iteration = 800 | max rel diff. = 3.86467
[2025-10-18 01:36:20.790] [jointLog] [info] iteration = 900 | max rel diff. = 17.5818
[2025-10-18 01:36:21.685] [jointLog] [info] iteration = 1000 | max rel diff. = 0.535769
[2025-10-18 01:36:22.577] [jointLog] [info] iteration = 1100 | max rel diff. = 0.739605
[2025-10-18 01:36:23.470] [jointLog] [info] iteration = 1200 | max rel diff. = 0.463231
[2025-10-18 01:36:24.369] [jointLog] [info] iteration = 1300 | max rel diff. = 3.49544
[2025-10-18 01:36:25.264] [jointLog] [info] iteration = 1400 | max rel diff. = 0.168907
[2025-10-18 01:36:26.160] [jointLog] [info] iteration = 1500 | max rel diff. = 1.27683
[2025-10-18 01:36:27.059] [jointLog] [info] iteration = 1600 | max rel diff. = 1.52447
[2025-10-18 01:36:27.954] [jointLog] [info] iteration = 1700 | max rel diff. = 0.0566107
[2025-10-18 01:36:28.845] [jointLog] [info] iteration = 1800 | max rel diff. = 0.0559584
[2025-10-18 01:36:29.738] [jointLog] [info] iteration = 1900 | max rel diff. = 0.389787
[2025-10-18 01:36:30.593] [jointLog] [info] iteration = 2000 | max rel diff. = 0.519434
[2025-10-18 01:36:31.444] [jointLog] [info] iteration = 2100 | max rel diff. = 0.270871
[2025-10-18 01:36:32.294] [jointLog] [info] iteration = 2200 | max rel diff. = 0.0227292
[2025-10-18 01:36:33.139] [jointLog] [info] iteration = 2300 | max rel diff. = 0.167763
[2025-10-18 01:36:33.830] [jointLog] [info] iteration = 2383 | max rel diff. = 0.00878501
[2025-10-18 01:36:33.835] [jointLog] [info] Finished optimizer
[2025-10-18 01:36:33.835] [jointLog] [info] writing output 

