[2025-10-18 02:08:05.411] [jointLog] [info] setting maxHashResizeThreads to 28
[2025-10-18 02:08:05.411] [jointLog] [info] Fragment incompatibility prior below threshold.  Incompatible fragments will be ignored.
[2025-10-18 02:08:05.411] [jointLog] [info] Usage of --validateMappings implies use of minScoreFraction. Since not explicitly specified, it is being set to 0.65
[2025-10-18 02:08:05.411] [jointLog] [info] Setting consensusSlack to selective-alignment default of 0.35.
[2025-10-18 02:08:05.411] [jointLog] [info] parsing read library format
[2025-10-18 02:08:05.412] [jointLog] [info] There is 1 library.
[2025-10-18 02:08:05.413] [jointLog] [info] Loading pufferfish index
[2025-10-18 02:08:05.413] [jointLog] [info] Loading dense pufferfish index.
[2025-10-18 02:09:59.159] [jointLog] [info] done
[2025-10-18 02:09:59.420] [jointLog] [info] Index contained 238636 targets
[2025-10-18 02:09:59.642] [jointLog] [info] Number of decoys : 194
[2025-10-18 02:09:59.642] [jointLog] [info] First decoy index : 238404 
[2025-10-18 02:10:12.166] [jointLog] [info] Automatically detected most likely library type as IU

[2025-10-18 02:11:43.969] [fileLog] [info] 
At end of round 0
==================
Observed 21275888 total fragments (21275888 in most recent round)

[2025-10-18 02:11:43.968] [jointLog] [info] Computed 473796 rich equivalence classes for further processing
[2025-10-18 02:11:43.969] [jointLog] [info] Counted 19382755 total reads in the equivalence classes 
[2025-10-18 02:11:43.992] [jointLog] [info] Number of mappings discarded because of alignment score : 10226246
[2025-10-18 02:11:43.992] [jointLog] [info] Number of fragments entirely discarded because of alignment score : 548886
[2025-10-18 02:11:43.992] [jointLog] [info] Number of fragments discarded because they are best-mapped to decoys : 334344
[2025-10-18 02:11:43.992] [jointLog] [info] Number of fragments discarded because they have only dovetail (discordant) mappings to valid targets : 150811
[2025-10-18 02:11:43.992] [jointLog] [info] Mapping rate = 91.102%

[2025-10-18 02:11:43.992] [jointLog] [info] finished quantifyLibrary()
[2025-10-18 02:11:44.021] [jointLog] [info] Starting optimizer
[2025-10-18 02:11:44.127] [jointLog] [info] Marked 0 weighted equivalence classes as degenerate
[2025-10-18 02:11:44.137] [jointLog] [info] iteration = 0 | max rel diff. = 4911.78
[2025-10-18 02:11:45.062] [jointLog] [info] iteration = 100 | max rel diff. = 20.8114
[2025-10-18 02:11:45.970] [jointLog] [info] iteration = 200 | max rel diff. = 13.411
[2025-10-18 02:11:46.885] [jointLog] [info] iteration = 300 | max rel diff. = 19.4935
[2025-10-18 02:11:47.789] [jointLog] [info] iteration = 400 | max rel diff. = 8.06256
[2025-10-18 02:11:48.697] [jointLog] [info] iteration = 500 | max rel diff. = 3.30953
[2025-10-18 02:11:49.598] [jointLog] [info] iteration = 600 | max rel diff. = 6.4015
[2025-10-18 02:11:50.506] [jointLog] [info] iteration = 700 | max rel diff. = 12.0364
[2025-10-18 02:11:51.419] [jointLog] [info] iteration = 800 | max rel diff. = 13.9351
[2025-10-18 02:11:52.327] [jointLog] [info] iteration = 900 | max rel diff. = 0.639498
[2025-10-18 02:11:55.138] [jointLog] [info] iteration = 1000 | max rel diff. = 13.9651
[2025-10-18 02:11:56.034] [jointLog] [info] iteration = 1100 | max rel diff. = 0.922706
[2025-10-18 02:11:56.937] [jointLog] [info] iteration = 1200 | max rel diff. = 11.2344
[2025-10-18 02:11:57.837] [jointLog] [info] iteration = 1300 | max rel diff. = 4.07487
[2025-10-18 02:11:58.738] [jointLog] [info] iteration = 1400 | max rel diff. = 2.6695
[2025-10-18 02:11:59.637] [jointLog] [info] iteration = 1500 | max rel diff. = 0.0751161
[2025-10-18 02:12:00.536] [jointLog] [info] iteration = 1600 | max rel diff. = 0.208423
[2025-10-18 02:12:01.434] [jointLog] [info] iteration = 1700 | max rel diff. = 2.24222
[2025-10-18 02:12:02.328] [jointLog] [info] iteration = 1800 | max rel diff. = 0.114726
[2025-10-18 02:12:03.224] [jointLog] [info] iteration = 1900 | max rel diff. = 0.0897842
[2025-10-18 02:12:04.113] [jointLog] [info] iteration = 2000 | max rel diff. = 0.361024
[2025-10-18 02:12:04.988] [jointLog] [info] iteration = 2100 | max rel diff. = 0.757487
[2025-10-18 02:12:05.864] [jointLog] [info] iteration = 2200 | max rel diff. = 0.0441473
[2025-10-18 02:12:06.740] [jointLog] [info] iteration = 2300 | max rel diff. = 0.131201
[2025-10-18 02:12:07.615] [jointLog] [info] iteration = 2400 | max rel diff. = 0.0795274
[2025-10-18 02:12:08.489] [jointLog] [info] iteration = 2500 | max rel diff. = 0.059044
[2025-10-18 02:12:09.356] [jointLog] [info] iteration = 2600 | max rel diff. = 0.120347
[2025-10-18 02:12:10.227] [jointLog] [info] iteration = 2700 | max rel diff. = 0.0399653
[2025-10-18 02:12:11.098] [jointLog] [info] iteration = 2800 | max rel diff. = 0.265445
[2025-10-18 02:12:11.975] [jointLog] [info] iteration = 2900 | max rel diff. = 0.16766
[2025-10-18 02:12:12.859] [jointLog] [info] iteration = 3000 | max rel diff. = 0.0162293
[2025-10-18 02:12:13.272] [jointLog] [info] iteration = 3048 | max rel diff. = 0.00333893
[2025-10-18 02:12:13.276] [jointLog] [info] Finished optimizer
[2025-10-18 02:12:13.276] [jointLog] [info] writing output 

